kotlin version: 2.2.21
error message: java.lang.RuntimeException: Exception while generating code for:
FUN name:getAverageColor visibility:public modality:FINAL returnType:androidx.compose.ui.graphics.Color
  VALUE_PARAMETER kind:Regular name:imageBitmap index:0 type:androidx.compose.ui.graphics.ImageBitmap
  annotations:
    Composable
  BLOCK_BODY
    VAR PROPERTY_DELEGATE name:averageColor$delegate type:androidx.compose.runtime.MutableState<androidx.compose.ui.graphics.Color> [val]
      CALL 'public final fun remember <T> (calculation: @[DisallowComposableCalls] kotlin.Function0<T of androidx.compose.runtime.ComposablesKt.remember>): T of androidx.compose.runtime.ComposablesKt.remember [inline] declared in androidx.compose.runtime.ComposablesKt' type=androidx.compose.runtime.MutableState<androidx.compose.ui.graphics.Color> origin=null
        TYPE_ARG T: androidx.compose.runtime.MutableState<androidx.compose.ui.graphics.Color>
        ARG calculation: BLOCK type=kotlin.Function0<androidx.compose.runtime.MutableState<androidx.compose.ui.graphics.Color>> origin=LAMBDA
          COMPOSITE type=kotlin.Unit origin=null
          FUNCTION_REFERENCE 'private final fun getAverageColor$lambda$0 (): androidx.compose.runtime.MutableState<androidx.compose.ui.graphics.Color> declared in com.example.rilv.utils.AverageColorKt' type=kotlin.Function0<androidx.compose.runtime.MutableState<androidx.compose.ui.graphics.Color>> origin=INLINE_LAMBDA reflectionTarget=null
    CALL 'public final fun LaunchedEffect (key1: kotlin.Any?, block: @[ExtensionFunctionType] kotlin.coroutines.SuspendFunction1<kotlinx.coroutines.CoroutineScope, kotlin.Unit>): kotlin.Unit declared in androidx.compose.runtime.EffectsKt' type=kotlin.Unit origin=null
      ARG key1: GET_FIELD 'FIELD FIELD_FOR_OBJECT_INSTANCE name:INSTANCE type:kotlin.Unit visibility:public [final,static] declared in kotlin.Unit' type=kotlin.Unit origin=null
      ARG block: BLOCK type=com.example.rilv.utils.AverageColorKt.getAverageColor.<no name provided> origin=null
        CLASS SUSPEND_LAMBDA CLASS name:<no name provided> modality:FINAL visibility:public/*package*/ superTypes:[kotlin.coroutines.jvm.internal.SuspendLambda; kotlin.jvm.functions.Function2<kotlinx.coroutines.CoroutineScope, kotlin.coroutines.Continuation<kotlin.Unit>?, kotlin.Any?>]
          thisReceiver: VALUE_PARAMETER INSTANCE_RECEIVER kind:DispatchReceiver name:<this> type:com.example.rilv.utils.AverageColorKt.getAverageColor.<no name provided>
          FIELD name:label type:kotlin.Int visibility:public/*package*/
          CONSTRUCTOR SUSPEND_LAMBDA visibility:public/*package*/ returnType:com.example.rilv.utils.AverageColorKt.getAverageColor.<no name provided> [primary]
            VALUE_PARAMETER BOUND_VALUE_PARAMETER kind:Regular name:$imageBitmap index:0 type:androidx.compose.ui.graphics.ImageBitmap
            VALUE_PARAMETER BOUND_VALUE_PARAMETER kind:Regular name:$averageColor$delegate index:1 type:androidx.compose.runtime.MutableState<androidx.compose.ui.graphics.Color>
            VALUE_PARAMETER kind:Regular name:$completion index:2 type:kotlin.coroutines.Continuation<com.example.rilv.utils.AverageColorKt.getAverageColor.<no name provided>>?
            BLOCK_BODY
              SET_FIELD 'FIELD FIELD_FOR_CAPTURED_VALUE name:$imageBitmap type:androidx.compose.ui.graphics.ImageBitmap visibility:public/*package*/ [final] declared in com.example.rilv.utils.AverageColorKt.getAverageColor.<no name provided>' type=kotlin.Unit origin=INITIALIZER_OF_FIELD_FOR_CAPTURED_VALUE
                receiver: GET_VAR '<this>: com.example.rilv.utils.AverageColorKt.getAverageColor.<no name provided> declared in com.example.rilv.utils.AverageColorKt.getAverageColor.<no name provided>' type=com.example.rilv.utils.AverageColorKt.getAverageColor.<no name provided> origin=null
                value: GET_VAR '$imageBitmap: androidx.compose.ui.graphics.ImageBitmap declared in com.example.rilv.utils.AverageColorKt.getAverageColor.<no name provided>.<init>' type=androidx.compose.ui.graphics.ImageBitmap origin=null
              SET_FIELD 'FIELD FIELD_FOR_CAPTURED_VALUE name:$averageColor$delegate type:androidx.compose.runtime.MutableState<androidx.compose.ui.graphics.Color> visibility:public/*package*/ [final] declared in com.example.rilv.utils.AverageColorKt.getAverageColor.<no name provided>' type=kotlin.Unit origin=INITIALIZER_OF_FIELD_FOR_CAPTURED_VALUE
                receiver: GET_VAR '<this>: com.example.rilv.utils.AverageColorKt.getAverageColor.<no name provided> declared in com.example.rilv.utils.AverageColorKt.getAverageColor.<no name provided>' type=com.example.rilv.utils.AverageColorKt.getAverageColor.<no name provided> origin=null
                value: GET_VAR '$averageColor$delegate: androidx.compose.runtime.MutableState<androidx.compose.ui.graphics.Color> declared in com.example.rilv.utils.AverageColorKt.getAverageColor.<no name provided>.<init>' type=androidx.compose.runtime.MutableState<androidx.compose.ui.graphics.Color> origin=null
              DELEGATING_CONSTRUCTOR_CALL 'public constructor <init> (arity: kotlin.Int, $completion: kotlin.coroutines.Continuation<kotlin.Any?>?) declared in kotlin.coroutines.jvm.internal.SuspendLambda'
                ARG arity: CONST Int type=kotlin.Int value=2
                ARG $completion: GET_VAR '$completion: kotlin.coroutines.Continuation<com.example.rilv.utils.AverageColorKt.getAverageColor.<no name provided>>? declared in com.example.rilv.utils.AverageColorKt.getAverageColor.<no name provided>.<init>' type=kotlin.coroutines.Continuation<com.example.rilv.utils.AverageColorKt.getAverageColor.<no name provided>>? origin=null
              BLOCK type=kotlin.Unit origin=null
          FUN name:invokeSuspend visibility:public modality:FINAL returnType:kotlin.Any?
            VALUE_PARAMETER INSTANCE_RECEIVER kind:DispatchReceiver name:<this> index:0 type:com.example.rilv.utils.AverageColorKt.getAverageColor.<no name provided>
            VALUE_PARAMETER kind:Regular name:$result index:1 type:kotlin.Result<kotlin.Any?>
            overridden:
              protected abstract fun invokeSuspend ($result: kotlin.Result<kotlin.Any?>): kotlin.Any? declared in kotlin.coroutines.jvm.internal.SuspendLambda
            BLOCK_BODY
              VAR name:compatibleBitmap type:@[FlexibleNullability] android.graphics.Bitmap? [val]
                CALL 'public open fun copy (p0: @[EnhancedNullability] android.graphics.Bitmap.Config, p1: kotlin.Boolean): @[FlexibleNullability] android.graphics.Bitmap? declared in android.graphics.Bitmap' type=@[FlexibleNullability] android.graphics.Bitmap? origin=null
                  ARG <this>: CALL 'public final fun asAndroidBitmap (<this>: androidx.compose.ui.graphics.ImageBitmap): android.graphics.Bitmap declared in androidx.compose.ui.graphics.AndroidImageBitmap_androidKt' type=android.graphics.Bitmap origin=null
                    ARG <this>: GET_FIELD 'FIELD FIELD_FOR_CAPTURED_VALUE name:$imageBitmap type:androidx.compose.ui.graphics.ImageBitmap visibility:public/*package*/ [final] declared in com.example.rilv.utils.AverageColorKt.getAverageColor.<no name provided>' type=androidx.compose.ui.graphics.ImageBitmap origin=null
                      receiver: GET_VAR '<this>: com.example.rilv.utils.AverageColorKt.getAverageColor.<no name provided> declared in com.example.rilv.utils.AverageColorKt.getAverageColor.<no name provided>.invokeSuspend' type=com.example.rilv.utils.AverageColorKt.getAverageColor.<no name provided> origin=null
                  ARG p0: GET_FIELD 'FIELD FIELD_FOR_ENUM_ENTRY name:ARGB_8888 type:android.graphics.Bitmap.Config visibility:public [final,static] declared in android.graphics.Bitmap.Config' type=android.graphics.Bitmap.Config origin=null
                  ARG p1: CONST Boolean type=kotlin.Boolean value=false
              VAR name:pixels type:kotlin.IntArray [val]
                CONSTRUCTOR_CALL 'public constructor <init> (size: kotlin.Int) [primary] declared in kotlin.IntArray' type=kotlin.IntArray origin=null
                  ARG size: CALL 'public final fun times (other: kotlin.Int): kotlin.Int [operator] declared in kotlin.Int' type=kotlin.Int origin=MUL
                    ARG <this>: CALL 'public open fun getWidth (): kotlin.Int declared in android.graphics.Bitmap' type=kotlin.Int origin=GET_PROPERTY
                      ARG <this>: GET_VAR 'val compatibleBitmap: @[FlexibleNullability] android.graphics.Bitmap? [val] declared in com.example.rilv.utils.AverageColorKt.getAverageColor.<no name provided>.invokeSuspend' type=@[FlexibleNullability] android.graphics.Bitmap? origin=null
                    ARG other: CALL 'public open fun getHeight (): kotlin.Int declared in android.graphics.Bitmap' type=kotlin.Int origin=GET_PROPERTY
                      ARG <this>: GET_VAR 'val compatibleBitmap: @[FlexibleNullability] android.graphics.Bitmap? [val] declared in com.example.rilv.utils.AverageColorKt.getAverageColor.<no name provided>.invokeSuspend' type=@[FlexibleNullability] android.graphics.Bitmap? origin=null
              CALL 'public open fun getPixels (p0: @[EnhancedNullability] kotlin.IntArray, p1: kotlin.Int, p2: kotlin.Int, p3: kotlin.Int, p4: kotlin.Int, p5: kotlin.Int, p6: kotlin.Int): kotlin.Unit declared in android.graphics.Bitmap' type=kotlin.Unit origin=null
                ARG <this>: GET_VAR 'val compatibleBitmap: @[FlexibleNullability] android.graphics.Bitmap? [val] declared in com.example.rilv.utils.AverageColorKt.getAverageColor.<no name provided>.invokeSuspend' type=@[FlexibleNullability] android.graphics.Bitmap? origin=null
                ARG p0: GET_VAR 'val pixels: kotlin.IntArray [val] declared in com.example.rilv.utils.AverageColorKt.getAverageColor.<no name provided>.invokeSuspend' type=kotlin.IntArray origin=null
                ARG p1: CONST Int type=kotlin.Int value=0
                ARG p2: CALL 'public open fun getWidth (): kotlin.Int declared in android.graphics.Bitmap' type=kotlin.Int origin=GET_PROPERTY
                  ARG <this>: GET_VAR 'val compatibleBitmap: @[FlexibleNullability] android.graphics.Bitmap? [val] declared in com.example.rilv.utils.AverageColorKt.getAverageColor.<no name provided>.invokeSuspend' type=@[FlexibleNullability] android.graphics.Bitmap? origin=null
                ARG p3: CONST Int type=kotlin.Int value=0
                ARG p4: CONST Int type=kotlin.Int value=0
                ARG p5: CALL 'public open fun getWidth (): kotlin.Int declared in android.graphics.Bitmap' type=kotlin.Int origin=GET_PROPERTY
                  ARG <this>: GET_VAR 'val compatibleBitmap: @[FlexibleNullability] android.graphics.Bitmap? [val] declared in com.example.rilv.utils.AverageColorKt.getAverageColor.<no name provided>.invokeSuspend' type=@[FlexibleNullability] android.graphics.Bitmap? origin=null
                ARG p6: CALL 'public open fun getHeight (): kotlin.Int declared in android.graphics.Bitmap' type=kotlin.Int origin=GET_PROPERTY
                  ARG <this>: GET_VAR 'val compatibleBitmap: @[FlexibleNullability] android.graphics.Bitmap? [val] declared in com.example.rilv.utils.AverageColorKt.getAverageColor.<no name provided>.invokeSuspend' type=@[FlexibleNullability] android.graphics.Bitmap? origin=null
              VAR name:redSum type:kotlin.Int [var]
                CONST Int type=kotlin.Int value=0
              VAR name:greenSum type:kotlin.Int [var]
                CONST Int type=kotlin.Int value=0
              VAR name:blueSum type:kotlin.Int [var]
                CONST Int type=kotlin.Int value=0
              BLOCK type=kotlin.Unit origin=FOR_LOOP
                COMPOSITE type=kotlin.Unit origin=null
                  VAR IR_TEMPORARY_VARIABLE name:inductionVariable type:kotlin.Int [var]
                    CONST Int type=kotlin.Int value=0
                  VAR IR_TEMPORARY_VARIABLE name:last type:kotlin.Int [val]
                    CALL 'public final fun <get-size> (): kotlin.Int declared in kotlin.IntArray' type=kotlin.Int origin=null
                      ARG <this>: GET_VAR 'val pixels: kotlin.IntArray [val] declared in com.example.rilv.utils.AverageColorKt.getAverageColor.<no name provided>.invokeSuspend' type=kotlin.IntArray origin=null
                DO_WHILE label=AverageColorKt$getAverageColor$<no name provided>$invokeSuspend1 origin=null
                  body: COMPOSITE type=kotlin.Unit origin=FOR_LOOP_INNER_WHILE
                    COMPOSITE type=kotlin.Unit origin=FOR_LOOP_NEXT
                      WHEN type=kotlin.Unit origin=null
                        BRANCH
                          if: CALL 'public final fun not (): kotlin.Boolean [operator] declared in kotlin.Boolean' type=kotlin.Boolean origin=null
                            ARG <this>: CALL 'public final fun less (arg0: kotlin.Int, arg1: kotlin.Int): kotlin.Boolean declared in kotlin.internal.ir' type=kotlin.Boolean origin=null
                              ARG arg0: GET_VAR 'var inductionVariable: kotlin.Int [var] declared in com.example.rilv.utils.AverageColorKt.getAverageColor.<no name provided>.invokeSuspend' type=kotlin.Int origin=null
                              ARG arg1: GET_VAR 'val last: kotlin.Int [val] declared in com.example.rilv.utils.AverageColorKt.getAverageColor.<no name provided>.invokeSuspend' type=kotlin.Int origin=null
                          then: BREAK label=null loop.label=AverageColorKt$getAverageColor$<no name provided>$invokeSuspend1
                      VAR FOR_LOOP_VARIABLE name:pixel type:kotlin.Int [val]
                        CALL 'public final fun get (index: kotlin.Int): kotlin.Int [operator] declared in kotlin.IntArray' type=kotlin.Int origin=null
                          ARG <this>: GET_VAR 'val pixels: kotlin.IntArray [val] declared in com.example.rilv.utils.AverageColorKt.getAverageColor.<no name provided>.invokeSuspend' type=kotlin.IntArray origin=null
                          ARG index: GET_VAR 'var inductionVariable: kotlin.Int [var] declared in com.example.rilv.utils.AverageColorKt.getAverageColor.<no name provided>.invokeSuspend' type=kotlin.Int origin=null
                    BLOCK type=kotlin.Unit origin=null
                      VAR name:red type:kotlin.Int [val]
                        CALL 'public open fun red (p0: kotlin.Int): kotlin.Int declared in android.graphics.Color' type=kotlin.Int origin=null
                          ARG p0: GET_VAR 'val pixel: kotlin.Int [val] declared in com.example.rilv.utils.AverageColorKt.getAverageColor.<no name provided>.invokeSuspend' type=kotlin.Int origin=null
                      VAR name:green type:kotlin.Int [val]
                        CALL 'public open fun green (p0: kotlin.Int): kotlin.Int declared in android.graphics.Color' type=kotlin.Int origin=null
                          ARG p0: GET_VAR 'val pixel: kotlin.Int [val] declared in com.example.rilv.utils.AverageColorKt.getAverageColor.<no name provided>.invokeSuspend' type=kotlin.Int origin=null
                      VAR name:blue type:kotlin.Int [val]
                        CALL 'public open fun blue (p0: kotlin.Int): kotlin.Int declared in android.graphics.Color' type=kotlin.Int origin=null
                          ARG p0: GET_VAR 'val pixel: kotlin.Int [val] declared in com.example.rilv.utils.AverageColorKt.getAverageColor.<no name provided>.invokeSuspend' type=kotlin.Int origin=null
                      SET_VAR 'var redSum: kotlin.Int [var] declared in com.example.rilv.utils.AverageColorKt.getAverageColor.<no name provided>.invokeSuspend' type=kotlin.Unit origin=PLUSEQ
                        CALL 'public final fun plus (other: kotlin.Int): kotlin.Int [operator] declared in kotlin.Int' type=kotlin.Int origin=PLUSEQ
                          ARG <this>: GET_VAR 'var redSum: kotlin.Int [var] declared in com.example.rilv.utils.AverageColorKt.getAverageColor.<no name provided>.invokeSuspend' type=kotlin.Int origin=PLUSEQ
                          ARG other: GET_VAR 'val red: kotlin.Int [val] declared in com.example.rilv.utils.AverageColorKt.getAverageColor.<no name provided>.invokeSuspend' type=kotlin.Int origin=null
                      SET_VAR 'var greenSum: kotlin.Int [var] declared in com.example.rilv.utils.AverageColorKt.getAverageColor.<no name provided>.invokeSuspend' type=kotlin.Unit origin=PLUSEQ
                        CALL 'public final fun plus (other: kotlin.Int): kotlin.Int [operator] declared in kotlin.Int' type=kotlin.Int origin=PLUSEQ
                          ARG <this>: GET_VAR 'var greenSum: kotlin.Int [var] declared in com.example.rilv.utils.AverageColorKt.getAverageColor.<no name provided>.invokeSuspend' type=kotlin.Int origin=PLUSEQ
                          ARG other: GET_VAR 'val green: kotlin.Int [val] declared in com.example.rilv.utils.AverageColorKt.getAverageColor.<no name provided>.invokeSuspend' type=kotlin.Int origin=null
                      SET_VAR 'var blueSum: kotlin.Int [var] declared in com.example.rilv.utils.AverageColorKt.getAverageColor.<no name provided>.invokeSuspend' type=kotlin.Unit origin=PLUSEQ
                        CALL 'public final fun plus (other: kotlin.Int): kotlin.Int [operator] declared in kotlin.Int' type=kotlin.Int origin=PLUSEQ
                          ARG <this>: GET_VAR 'var blueSum: kotlin.Int [var] declared in com.example.rilv.utils.AverageColorKt.getAverageColor.<no name provided>.invokeSuspend' type=kotlin.Int origin=PLUSEQ
                          ARG other: GET_VAR 'val blue: kotlin.Int [val] declared in com.example.rilv.utils.AverageColorKt.getAverageColor.<no name provided>.invokeSuspend' type=kotlin.Int origin=null
                  condition: COMPOSITE type=kotlin.Boolean origin=null
                    CALL 'public final fun <int-prefix-incr-decr> (value: kotlin.Int, delta: kotlin.Int): kotlin.Int declared in kotlin.jvm.internal' type=kotlin.Int origin=null
                      ARG value: GET_VAR 'var inductionVariable: kotlin.Int [var] declared in com.example.rilv.utils.AverageColorKt.getAverageColor.<no name provided>.invokeSuspend' type=kotlin.Int origin=null
                      ARG delta: CONST Int type=kotlin.Int value=1
                    CONST Boolean type=kotlin.Boolean value=true
              VAR name:pixelCount type:kotlin.Int [val]
                CALL 'public final fun <get-size> (): kotlin.Int declared in kotlin.IntArray' type=kotlin.Int origin=GET_PROPERTY
                  ARG <this>: GET_VAR 'val pixels: kotlin.IntArray [val] declared in com.example.rilv.utils.AverageColorKt.getAverageColor.<no name provided>.invokeSuspend' type=kotlin.IntArray origin=null
              VAR name:averageRed type:kotlin.Int [val]
                CALL 'public final fun div (other: kotlin.Int): kotlin.Int [operator] declared in kotlin.Int' type=kotlin.Int origin=DIV
                  ARG <this>: GET_VAR 'var redSum: kotlin.Int [var] declared in com.example.rilv.utils.AverageColorKt.getAverageColor.<no name provided>.invokeSuspend' type=kotlin.Int origin=null
                  ARG other: GET_VAR 'val pixelCount: kotlin.Int [val] declared in com.example.rilv.utils.AverageColorKt.getAverageColor.<no name provided>.invokeSuspend' type=kotlin.Int origin=null
              VAR name:averageGreen type:kotlin.Int [val]
                CALL 'public final fun div (other: kotlin.Int): kotlin.Int [operator] declared in kotlin.Int' type=kotlin.Int origin=DIV
                  ARG <this>: GET_VAR 'var greenSum: kotlin.Int [var] declared in com.example.rilv.utils.AverageColorKt.getAverageColor.<no name provided>.invokeSuspend' type=kotlin.Int origin=null
                  ARG other: GET_VAR 'val pixelCount: kotlin.Int [val] declared in com.example.rilv.utils.AverageColorKt.getAverageColor.<no name provided>.invokeSuspend' type=kotlin.Int origin=null
              VAR name:averageBlue type:kotlin.Int [val]
                CALL 'public final fun div (other: kotlin.Int): kotlin.Int [operator] declared in kotlin.Int' type=kotlin.Int origin=DIV
                  ARG <this>: GET_VAR 'var blueSum: kotlin.Int [var] declared in com.example.rilv.utils.AverageColorKt.getAverageColor.<no name provided>.invokeSuspend' type=kotlin.Int origin=null
                  ARG other: GET_VAR 'val pixelCount: kotlin.Int [val] declared in com.example.rilv.utils.AverageColorKt.getAverageColor.<no name provided>.invokeSuspend' type=kotlin.Int origin=null
              CALL 'public final fun access$getAverageColor$lambda$2 ($averageColor$delegate: androidx.compose.runtime.MutableState<androidx.compose.ui.graphics.Color>, <set-?>: androidx.compose.ui.graphics.Color): kotlin.Unit declared in com.example.rilv.utils.AverageColorKt' type=kotlin.Unit origin=EQ
                ARG $averageColor$delegate: GET_FIELD 'FIELD FIELD_FOR_CAPTURED_VALUE name:$averageColor$delegate type:androidx.compose.runtime.MutableState<androidx.compose.ui.graphics.Color> visibility:public/*package*/ [final] declared in com.example.rilv.utils.AverageColorKt.getAverageColor.<no name provided>' type=androidx.compose.runtime.MutableState<androidx.compose.ui.graphics.Color> origin=null
                  receiver: GET_VAR '<this>: com.example.rilv.utils.AverageColorKt.getAverageColor.<no name provided> declared in com.example.rilv.utils.AverageColorKt.getAverageColor.<no name provided>.invokeSuspend' type=com.example.rilv.utils.AverageColorKt.getAverageColor.<no name provided> origin=null
                ARG <set-?>: CALL 'public final fun Color$default (red: kotlin.Int, green: kotlin.Int, blue: kotlin.Int, alpha: kotlin.Int, $mask0: kotlin.Int, $handler: kotlin.Any?): androidx.compose.ui.graphics.Color declared in androidx.compose.ui.graphics.ColorKt' type=androidx.compose.ui.graphics.Color origin=DEFAULT_DISPATCH_CALL
                  ARG red: GET_VAR 'val averageRed: kotlin.Int [val] declared in com.example.rilv.utils.AverageColorKt.getAverageColor.<no name provided>.invokeSuspend' type=kotlin.Int origin=null
                  ARG green: GET_VAR 'val averageGreen: kotlin.Int [val] declared in com.example.rilv.utils.AverageColorKt.getAverageColor.<no name provided>.invokeSuspend' type=kotlin.Int origin=null
                  ARG blue: GET_VAR 'val averageBlue: kotlin.Int [val] declared in com.example.rilv.utils.AverageColorKt.getAverageColor.<no name provided>.invokeSuspend' type=kotlin.Int origin=null
                  ARG alpha: COMPOSITE type=kotlin.Int origin=DEFAULT_VALUE
                    CONST Int type=kotlin.Int value=0
                  ARG $mask0: CONST Int type=kotlin.Int value=8
                  ARG $handler: CONST Null type=kotlin.Any? value=null
          FUN name:create visibility:public modality:FINAL returnType:kotlin.coroutines.Continuation<kotlin.Unit>
            VALUE_PARAMETER INSTANCE_RECEIVER kind:DispatchReceiver name:<this> index:0 type:com.example.rilv.utils.AverageColorKt.getAverageColor.<no name provided>
            VALUE_PARAMETER kind:Regular name:value index:1 type:kotlin.Any?
            VALUE_PARAMETER kind:Regular name:$completion index:2 type:kotlin.coroutines.Continuation<kotlin.Nothing>
            overridden:
              public open fun create (value: kotlin.Any?, $completion: kotlin.coroutines.Continuation<kotlin.Nothing>): kotlin.coroutines.Continuation<kotlin.Unit> declared in kotlin.coroutines.jvm.internal.SuspendLambda
            BLOCK_BODY
              RETURN type=kotlin.Nothing from='public final fun create (value: kotlin.Any?, $completion: kotlin.coroutines.Continuation<kotlin.Nothing>): kotlin.coroutines.Continuation<kotlin.Unit> declared in com.example.rilv.utils.AverageColorKt.getAverageColor.<no name provided>'
                CONSTRUCTOR_CALL 'public/*package*/ constructor <init> ($imageBitmap: androidx.compose.ui.graphics.ImageBitmap, $averageColor$delegate: androidx.compose.runtime.MutableState<androidx.compose.ui.graphics.Color>, $completion: kotlin.coroutines.Continuation<com.example.rilv.utils.AverageColorKt.getAverageColor.<no name provided>>?) [primary] declared in com.example.rilv.utils.AverageColorKt.getAverageColor.<no name provided>' type=com.example.rilv.utils.AverageColorKt.getAverageColor.<no name provided> origin=null
                  ARG $imageBitmap: GET_FIELD 'FIELD FIELD_FOR_CAPTURED_VALUE name:$imageBitmap type:androidx.compose.ui.graphics.ImageBitmap visibility:public/*package*/ [final] declared in com.example.rilv.utils.AverageColorKt.getAverageColor.<no name provided>' type=androidx.compose.ui.graphics.ImageBitmap origin=null
                    receiver: GET_VAR '<this>: com.example.rilv.utils.AverageColorKt.getAverageColor.<no name provided> declared in com.example.rilv.utils.AverageColorKt.getAverageColor.<no name provided>.create' type=com.example.rilv.utils.AverageColorKt.getAverageColor.<no name provided> origin=null
                  ARG $averageColor$delegate: GET_FIELD 'FIELD FIELD_FOR_CAPTURED_VALUE name:$averageColor$delegate type:androidx.compose.runtime.MutableState<androidx.compose.ui.graphics.Color> visibility:public/*package*/ [final] declared in com.example.rilv.utils.AverageColorKt.getAverageColor.<no name provided>' type=androidx.compose.runtime.MutableState<androidx.compose.ui.graphics.Color> origin=null
                    receiver: GET_VAR '<this>: com.example.rilv.utils.AverageColorKt.getAverageColor.<no name provided> declared in com.example.rilv.utils.AverageColorKt.getAverageColor.<no name provided>.create' type=com.example.rilv.utils.AverageColorKt.getAverageColor.<no name provided> origin=null
                  ARG $completion: GET_VAR '$completion: kotlin.coroutines.Continuation<kotlin.Nothing> declared in com.example.rilv.utils.AverageColorKt.getAverageColor.<no name provided>.create' type=kotlin.coroutines.Continuation<kotlin.Nothing> origin=null
          FUN name:invoke visibility:public modality:FINAL returnType:kotlin.Any?
            VALUE_PARAMETER INSTANCE_RECEIVER kind:DispatchReceiver name:<this> index:0 type:com.example.rilv.utils.AverageColorKt.getAverageColor.<no name provided>
            VALUE_PARAMETER kind:Regular name:p1 index:1 type:kotlinx.coroutines.CoroutineScope
            VALUE_PARAMETER kind:Regular name:p2 index:2 type:kotlin.coroutines.Continuation<kotlin.Unit>?
            overridden:
              public abstract fun invoke (p1: P1 of kotlin.jvm.functions.Function2, p2: P2 of kotlin.jvm.functions.Function2): R of kotlin.jvm.functions.Function2 declared in kotlin.jvm.functions.Function2
            BLOCK_BODY
              RETURN type=kotlin.Nothing from='public final fun invoke (p1: kotlinx.coroutines.CoroutineScope, p2: kotlin.coroutines.Continuation<kotlin.Unit>?): kotlin.Any? declared in com.example.rilv.utils.AverageColorKt.getAverageColor.<no name provided>'
                CALL 'public final fun invokeSuspend ($result: kotlin.Result<kotlin.Any?>): kotlin.Any? declared in com.example.rilv.utils.AverageColorKt.getAverageColor.<no name provided>' type=kotlin.Any? origin=null
                  ARG <this>: TYPE_OP type=com.example.rilv.utils.AverageColorKt.getAverageColor.<no name provided> origin=IMPLICIT_CAST typeOperand=com.example.rilv.utils.AverageColorKt.getAverageColor.<no name provided>
                    CALL 'public final fun create (value: kotlin.Any?, $completion: kotlin.coroutines.Continuation<kotlin.Nothing>): kotlin.coroutines.Continuation<kotlin.Unit> declared in com.example.rilv.utils.AverageColorKt.getAverageColor.<no name provided>' type=kotlin.coroutines.Continuation<kotlin.Unit> origin=null
                      ARG <this>: GET_VAR '<this>: com.example.rilv.utils.AverageColorKt.getAverageColor.<no name provided> declared in com.example.rilv.utils.AverageColorKt.getAverageColor.<no name provided>.invoke' type=com.example.rilv.utils.AverageColorKt.getAverageColor.<no name provided> origin=null
                      ARG value: GET_VAR 'p1: kotlinx.coroutines.CoroutineScope declared in com.example.rilv.utils.AverageColorKt.getAverageColor.<no name provided>.invoke' type=kotlinx.coroutines.CoroutineScope origin=null
                      ARG $completion: GET_VAR 'p2: kotlin.coroutines.Continuation<kotlin.Unit>? declared in com.example.rilv.utils.AverageColorKt.getAverageColor.<no name provided>.invoke' type=kotlin.coroutines.Continuation<kotlin.Unit>? origin=null
                  ARG $result: CALL 'public final fun <unsafe-coerce> <T, R> (v: T of kotlin.jvm.internal.<unsafe-coerce>): R of kotlin.jvm.internal.<unsafe-coerce> declared in kotlin.jvm.internal' type=kotlin.Result<kotlin.Any?> origin=null
                    TYPE_ARG T: kotlin.Any?
                    TYPE_ARG R: kotlin.Result<kotlin.Any?>
                    ARG v: GET_FIELD 'FIELD FIELD_FOR_OBJECT_INSTANCE name:INSTANCE type:kotlin.Unit visibility:public [final,static] declared in kotlin.Unit' type=kotlin.Unit origin=null
          FIELD FIELD_FOR_CAPTURED_VALUE name:$imageBitmap type:androidx.compose.ui.graphics.ImageBitmap visibility:public/*package*/ [final]
          FIELD FIELD_FOR_CAPTURED_VALUE name:$averageColor$delegate type:androidx.compose.runtime.MutableState<androidx.compose.ui.graphics.Color> visibility:public/*package*/ [final]
          FUN BRIDGE name:invoke visibility:public modality:OPEN returnType:kotlin.Any?
            VALUE_PARAMETER INSTANCE_RECEIVER kind:DispatchReceiver name:<this> index:0 type:com.example.rilv.utils.AverageColorKt.getAverageColor.<no name provided>
            VALUE_PARAMETER BRIDGE kind:Regular name:p1 index:1 type:kotlin.Any?
            VALUE_PARAMETER BRIDGE kind:Regular name:p2 index:2 type:kotlin.Any?
            EXPRESSION_BODY
              RETURN type=kotlin.Nothing from='public open fun invoke (p1: kotlin.Any?, p2: kotlin.Any?): kotlin.Any? declared in com.example.rilv.utils.AverageColorKt.getAverageColor.<no name provided>'
                CALL 'public final fun invoke (p1: kotlinx.coroutines.CoroutineScope, p2: kotlin.coroutines.Continuation<kotlin.Unit>?): kotlin.Any? declared in com.example.rilv.utils.AverageColorKt.getAverageColor.<no name provided>' type=kotlin.Any? origin=BRIDGE_DELEGATION
                  ARG <this>: GET_VAR '<this>: com.example.rilv.utils.AverageColorKt.getAverageColor.<no name provided> declared in com.example.rilv.utils.AverageColorKt.getAverageColor.<no name provided>.invoke' type=com.example.rilv.utils.AverageColorKt.getAverageColor.<no name provided> origin=null
                  ARG p1: TYPE_OP type=kotlinx.coroutines.CoroutineScope origin=IMPLICIT_CAST typeOperand=kotlinx.coroutines.CoroutineScope
                    GET_VAR 'p1: kotlin.Any? declared in com.example.rilv.utils.AverageColorKt.getAverageColor.<no name provided>.invoke' type=kotlin.Any? origin=null
                  ARG p2: TYPE_OP type=kotlin.coroutines.Continuation<*> origin=IMPLICIT_CAST typeOperand=kotlin.coroutines.Continuation<*>
                    GET_VAR 'p2: kotlin.Any? declared in com.example.rilv.utils.AverageColorKt.getAverageColor.<no name provided>.invoke' type=kotlin.Any? origin=null
        CONSTRUCTOR_CALL 'public/*package*/ constructor <init> ($imageBitmap: androidx.compose.ui.graphics.ImageBitmap, $averageColor$delegate: androidx.compose.runtime.MutableState<androidx.compose.ui.graphics.Color>, $completion: kotlin.coroutines.Continuation<com.example.rilv.utils.AverageColorKt.getAverageColor.<no name provided>>?) [primary] declared in com.example.rilv.utils.AverageColorKt.getAverageColor.<no name provided>' type=com.example.rilv.utils.AverageColorKt.getAverageColor.<no name provided> origin=null
          ARG $imageBitmap: GET_VAR 'imageBitmap: androidx.compose.ui.graphics.ImageBitmap declared in com.example.rilv.utils.AverageColorKt.getAverageColor' type=androidx.compose.ui.graphics.ImageBitmap origin=null
          ARG $averageColor$delegate: GET_VAR 'val averageColor$delegate: androidx.compose.runtime.MutableState<androidx.compose.ui.graphics.Color> [val] declared in com.example.rilv.utils.AverageColorKt.getAverageColor' type=androidx.compose.runtime.MutableState<androidx.compose.ui.graphics.Color> origin=null
          ARG $completion: CONST Null type=kotlin.Nothing? value=null
    VAR name:hsl type:kotlin.FloatArray [val]
      CONSTRUCTOR_CALL 'public constructor <init> (size: kotlin.Int) [primary] declared in kotlin.FloatArray' type=kotlin.FloatArray origin=null
        ARG size: CONST Int type=kotlin.Int value=3
    CALL 'public open fun colorToHSL (p0: kotlin.Int, p1: @[NonNull] @[EnhancedNullability] kotlin.FloatArray): kotlin.Unit declared in androidx.core.graphics.ColorUtils' type=kotlin.Unit origin=null
      ARG p0: CALL 'public final fun toArgb-8_81llA ($v$c$androidx-compose-ui-graphics-Color$-$this$toArgb$0: androidx.compose.ui.graphics.Color): kotlin.Int declared in androidx.compose.ui.graphics.ColorKt' type=kotlin.Int origin=null
        ARG $v$c$androidx-compose-ui-graphics-Color$-$this$toArgb$0: CALL 'private final fun getAverageColor$lambda$1 ($averageColor$delegate: androidx.compose.runtime.MutableState<androidx.compose.ui.graphics.Color>): androidx.compose.ui.graphics.Color declared in com.example.rilv.utils.AverageColorKt' type=androidx.compose.ui.graphics.Color origin=GET_LOCAL_PROPERTY
          ARG $averageColor$delegate: GET_VAR 'val averageColor$delegate: androidx.compose.runtime.MutableState<androidx.compose.ui.graphics.Color> [val] declared in com.example.rilv.utils.AverageColorKt.getAverageColor' type=androidx.compose.runtime.MutableState<androidx.compose.ui.graphics.Color> origin=null
      ARG p1: GET_VAR 'val hsl: kotlin.FloatArray [val] declared in com.example.rilv.utils.AverageColorKt.getAverageColor' type=kotlin.FloatArray origin=null
    VAR name:darkerLightness type:kotlin.Float [val]
      CALL 'public final fun minus (other: kotlin.Float): kotlin.Float [operator] declared in kotlin.Float' type=kotlin.Float origin=MINUS
        ARG <this>: CALL 'public final fun get (index: kotlin.Int): kotlin.Float [operator] declared in kotlin.FloatArray' type=kotlin.Float origin=GET_ARRAY_ELEMENT
          ARG <this>: GET_VAR 'val hsl: kotlin.FloatArray [val] declared in com.example.rilv.utils.AverageColorKt.getAverageColor' type=kotlin.FloatArray origin=null
          ARG index: CONST Int type=kotlin.Int value=2
        ARG other: CONST Float type=kotlin.Float value=0.1
    VAR name:darkerColor type:kotlin.Int [val]
      CALL 'public open fun HSLToColor (p0: @[NonNull] @[EnhancedNullability] kotlin.FloatArray): kotlin.Int declared in androidx.core.graphics.ColorUtils' type=kotlin.Int origin=null
        ARG p0: BLOCK type=kotlin.FloatArray origin=null
          VAR IR_TEMPORARY_VARIABLE name:tmp0 type:kotlin.FloatArray [val]
            CONSTRUCTOR_CALL 'public constructor <init> (size: kotlin.Int) [primary] declared in kotlin.FloatArray' type=kotlin.FloatArray origin=null
              ARG size: CONST Int type=kotlin.Int value=3
          CALL 'public final fun set (index: kotlin.Int, value: kotlin.Float): kotlin.Unit [operator] declared in kotlin.FloatArray' type=kotlin.Unit origin=null
            ARG <this>: GET_VAR 'val tmp0: kotlin.FloatArray [val] declared in com.example.rilv.utils.AverageColorKt.getAverageColor' type=kotlin.FloatArray origin=null
            ARG index: CONST Int type=kotlin.Int value=0
            ARG value: CALL 'public final fun get (index: kotlin.Int): kotlin.Float [operator] declared in kotlin.FloatArray' type=kotlin.Float origin=GET_ARRAY_ELEMENT
              ARG <this>: GET_VAR 'val hsl: kotlin.FloatArray [val] declared in com.example.rilv.utils.AverageColorKt.getAverageColor' type=kotlin.FloatArray origin=null
              ARG index: CONST Int type=kotlin.Int value=0
          CALL 'public final fun set (index: kotlin.Int, value: kotlin.Float): kotlin.Unit [operator] declared in kotlin.FloatArray' type=kotlin.Unit origin=null
            ARG <this>: GET_VAR 'val tmp0: kotlin.FloatArray [val] declared in com.example.rilv.utils.AverageColorKt.getAverageColor' type=kotlin.FloatArray origin=null
            ARG index: CONST Int type=kotlin.Int value=1
            ARG value: CALL 'public final fun get (index: kotlin.Int): kotlin.Float [operator] declared in kotlin.FloatArray' type=kotlin.Float origin=GET_ARRAY_ELEMENT
              ARG <this>: GET_VAR 'val hsl: kotlin.FloatArray [val] declared in com.example.rilv.utils.AverageColorKt.getAverageColor' type=kotlin.FloatArray origin=null
              ARG index: CONST Int type=kotlin.Int value=1
          CALL 'public final fun set (index: kotlin.Int, value: kotlin.Float): kotlin.Unit [operator] declared in kotlin.FloatArray' type=kotlin.Unit origin=null
            ARG <this>: GET_VAR 'val tmp0: kotlin.FloatArray [val] declared in com.example.rilv.utils.AverageColorKt.getAverageColor' type=kotlin.FloatArray origin=null
            ARG index: CONST Int type=kotlin.Int value=2
            ARG value: GET_VAR 'val darkerLightness: kotlin.Float [val] declared in com.example.rilv.utils.AverageColorKt.getAverageColor' type=kotlin.Float origin=null
          GET_VAR 'val tmp0: kotlin.FloatArray [val] declared in com.example.rilv.utils.AverageColorKt.getAverageColor' type=kotlin.FloatArray origin=null
    RETURN type=kotlin.Nothing from='public final fun getAverageColor (imageBitmap: androidx.compose.ui.graphics.ImageBitmap): androidx.compose.ui.graphics.Color declared in com.example.rilv.utils.AverageColorKt'
      CALL 'public final fun Color (color: kotlin.Int): androidx.compose.ui.graphics.Color declared in androidx.compose.ui.graphics.ColorKt' type=androidx.compose.ui.graphics.Color origin=null
        ARG color: GET_VAR 'val darkerColor: kotlin.Int [val] declared in com.example.rilv.utils.AverageColorKt.getAverageColor' type=kotlin.Int origin=null

	at org.jetbrains.kotlin.backend.jvm.codegen.FunctionCodegen.generate(FunctionCodegen.kt:53)
	at org.jetbrains.kotlin.backend.jvm.codegen.FunctionCodegen.generate$default(FunctionCodegen.kt:46)
	at org.jetbrains.kotlin.backend.jvm.codegen.ClassCodegen.generateMethodNode(ClassCodegen.kt:422)
	at org.jetbrains.kotlin.backend.jvm.codegen.ClassCodegen.generateMethod(ClassCodegen.kt:439)
	at org.jetbrains.kotlin.backend.jvm.codegen.ClassCodegen.generate(ClassCodegen.kt:164)
	at org.jetbrains.kotlin.backend.jvm.JvmIrCodegenFactory.generateFile(JvmIrCodegenFactory.kt:446)
	at org.jetbrains.kotlin.backend.jvm.JvmIrCodegenFactory.invokeCodegen(JvmIrCodegenFactory.kt:413)
	at org.jetbrains.kotlin.cli.jvm.compiler.KotlinToJVMBytecodeCompiler.runCodegen$cli(KotlinToJVMBytecodeCompiler.kt:425)
	at org.jetbrains.kotlin.cli.pipeline.jvm.JvmBackendPipelinePhase.executePhase(JvmBackendPipelinePhase.kt:89)
	at org.jetbrains.kotlin.cli.pipeline.jvm.JvmBackendPipelinePhase.executePhase(JvmBackendPipelinePhase.kt:27)
	at org.jetbrains.kotlin.cli.pipeline.PipelinePhase.phaseBody(PipelinePhase.kt:68)
	at org.jetbrains.kotlin.cli.pipeline.PipelinePhase.phaseBody(PipelinePhase.kt:58)
	at org.jetbrains.kotlin.config.phaser.NamedCompilerPhase.invoke(CompilerPhase.kt:102)
	at org.jetbrains.kotlin.backend.common.phaser.CompositePhase.invoke(PhaseBuilders.kt:22)
	at org.jetbrains.kotlin.config.phaser.CompilerPhaseKt.invokeToplevel(CompilerPhase.kt:53)
	at org.jetbrains.kotlin.cli.pipeline.AbstractCliPipeline.runPhasedPipeline(AbstractCliPipeline.kt:109)
	at org.jetbrains.kotlin.cli.pipeline.AbstractCliPipeline.execute(AbstractCliPipeline.kt:68)
	at org.jetbrains.kotlin.cli.jvm.K2JVMCompiler.doExecutePhased(K2JVMCompiler.kt:79)
	at org.jetbrains.kotlin.cli.jvm.K2JVMCompiler.doExecutePhased(K2JVMCompiler.kt:45)
	at org.jetbrains.kotlin.cli.common.CLICompiler.execImpl(CLICompiler.kt:90)
	at org.jetbrains.kotlin.cli.common.CLICompiler.exec(CLICompiler.kt:352)
	at org.jetbrains.kotlin.incremental.IncrementalJvmCompilerRunnerBase.runCompiler(IncrementalJvmCompilerRunnerBase.kt:176)
	at org.jetbrains.kotlin.incremental.IncrementalJvmCompilerRunnerBase.runCompiler(IncrementalJvmCompilerRunnerBase.kt:39)
	at org.jetbrains.kotlin.incremental.IncrementalCompilerRunner.doCompile(IncrementalCompilerRunner.kt:499)
	at org.jetbrains.kotlin.incremental.IncrementalCompilerRunner.compileImpl(IncrementalCompilerRunner.kt:416)
	at org.jetbrains.kotlin.incremental.IncrementalCompilerRunner.compileNonIncrementally(IncrementalCompilerRunner.kt:301)
	at org.jetbrains.kotlin.incremental.IncrementalCompilerRunner.compile(IncrementalCompilerRunner.kt:128)
	at org.jetbrains.kotlin.daemon.CompileServiceImplBase.execIncrementalCompiler(CompileServiceImpl.kt:684)
	at org.jetbrains.kotlin.daemon.CompileServiceImplBase.access$execIncrementalCompiler(CompileServiceImpl.kt:94)
	at org.jetbrains.kotlin.daemon.CompileServiceImpl.compile(CompileServiceImpl.kt:1810)
	at java.base/jdk.internal.reflect.DirectMethodHandleAccessor.invoke(Unknown Source)
	at java.base/java.lang.reflect.Method.invoke(Unknown Source)
	at java.rmi/sun.rmi.server.UnicastServerRef.dispatch(Unknown Source)
	at java.rmi/sun.rmi.transport.Transport$1.run(Unknown Source)
	at java.rmi/sun.rmi.transport.Transport$1.run(Unknown Source)
	at java.base/java.security.AccessController.doPrivileged(Unknown Source)
	at java.rmi/sun.rmi.transport.Transport.serviceCall(Unknown Source)
	at java.rmi/sun.rmi.transport.tcp.TCPTransport.handleMessages(Unknown Source)
	at java.rmi/sun.rmi.transport.tcp.TCPTransport$ConnectionHandler.run0(Unknown Source)
	at java.rmi/sun.rmi.transport.tcp.TCPTransport$ConnectionHandler.lambda$run$0(Unknown Source)
	at java.base/java.security.AccessController.doPrivileged(Unknown Source)
	at java.rmi/sun.rmi.transport.tcp.TCPTransport$ConnectionHandler.run(Unknown Source)
	at java.base/java.util.concurrent.ThreadPoolExecutor.runWorker(Unknown Source)
	at java.base/java.util.concurrent.ThreadPoolExecutor$Worker.run(Unknown Source)
	at java.base/java.lang.Thread.run(Unknown Source)
Caused by: org.jetbrains.kotlin.codegen.CompilationException: Back-end (JVM) Internal error: Couldn't inline method call: CALL 'public final fun remember <T> (calculation: @[DisallowComposableCalls] kotlin.Function0<T of androidx.compose.runtime.ComposablesKt.remember>): T of androidx.compose.runtime.ComposablesKt.remember [inline] declared in androidx.compose.runtime.ComposablesKt' type=androidx.compose.runtime.MutableState<androidx.compose.ui.graphics.Color> origin=null
Method: null
File is unknown
The root cause java.lang.IllegalStateException was thrown at: org.jetbrains.kotlin.codegen.inline.SourceCompilerForInlineKt.getMethodNode(SourceCompilerForInline.kt:129)
	at org.jetbrains.kotlin.backend.jvm.codegen.IrInlineCodegen.genInlineCall(IrInlineCodegen.kt:82)
	at org.jetbrains.kotlin.backend.jvm.codegen.IrInlineCallGenerator.genCall(IrInlineCallGenerator.kt:36)
	at org.jetbrains.kotlin.backend.jvm.codegen.ExpressionCodegen.visitCall(ExpressionCodegen.kt:589)
	at org.jetbrains.kotlin.backend.jvm.codegen.ExpressionCodegen.visitCall(ExpressionCodegen.kt:134)
	at org.jetbrains.kotlin.ir.expressions.IrCall.accept(IrCall.kt:24)
	at org.jetbrains.kotlin.backend.jvm.codegen.ExpressionCodegen.visitVariable(ExpressionCodegen.kt:729)
	at org.jetbrains.kotlin.backend.jvm.codegen.ExpressionCodegen.visitVariable(ExpressionCodegen.kt:134)
	at org.jetbrains.kotlin.ir.declarations.IrVariable.accept(IrVariable.kt:36)
	at org.jetbrains.kotlin.backend.jvm.codegen.ExpressionCodegen.visitStatementContainer(ExpressionCodegen.kt:530)
	at org.jetbrains.kotlin.backend.jvm.codegen.ExpressionCodegen.visitBlockBody(ExpressionCodegen.kt:535)
	at org.jetbrains.kotlin.backend.jvm.codegen.ExpressionCodegen.visitBlockBody(ExpressionCodegen.kt:134)
	at org.jetbrains.kotlin.ir.expressions.IrBlockBody.accept(IrBlockBody.kt:20)
	at org.jetbrains.kotlin.backend.jvm.codegen.ExpressionCodegen.generate(ExpressionCodegen.kt:232)
	at org.jetbrains.kotlin.backend.jvm.codegen.FunctionCodegen.doGenerate(FunctionCodegen.kt:129)
	at org.jetbrains.kotlin.backend.jvm.codegen.FunctionCodegen.generate(FunctionCodegen.kt:50)
	... 44 more
Caused by: java.lang.IllegalStateException: couldn't find inline method Landroidx/compose/runtime/ComposablesKt;.remember(Lkotlin/jvm/functions/Function0;)Ljava/lang/Object;
	at org.jetbrains.kotlin.codegen.inline.SourceCompilerForInlineKt.getMethodNode(SourceCompilerForInline.kt:129)
	at org.jetbrains.kotlin.codegen.inline.SourceCompilerForInlineKt.loadCompiledInlineFunction$lambda$0(SourceCompilerForInline.kt:98)
	at org.jetbrains.kotlin.codegen.inline.InlineCache.computeMethodBytes(InlineCache.kt:90)
	at org.jetbrains.kotlin.codegen.inline.SourceCompilerForInlineKt.loadCompiledInlineFunction(SourceCompilerForInline.kt:93)
	at org.jetbrains.kotlin.backend.jvm.codegen.IrSourceCompilerForInline.compileInlineFunction(IrSourceCompilerForInline.kt:96)
	at org.jetbrains.kotlin.backend.jvm.codegen.IrInlineCodegen.genInlineCall(IrInlineCodegen.kt:65)
	... 58 more


