kotlin version: 2.2.21
error message: java.lang.RuntimeException: Exception while generating code for:
FUN name:onViewCreated visibility:public modality:OPEN returnType:kotlin.Unit
  VALUE_PARAMETER kind:DispatchReceiver name:<this> index:0 type:com.example.rilv.ui.WatchlistsFragment
  VALUE_PARAMETER kind:Regular name:view index:1 type:android.view.View
  VALUE_PARAMETER kind:Regular name:savedInstanceState index:2 type:android.os.Bundle?
  overridden:
    public open fun onViewCreated (p0: @[EnhancedNullability] android.view.View, p1: @[EnhancedNullability] android.os.Bundle?): kotlin.Unit declared in androidx.fragment.app.Fragment
  BLOCK_BODY
    CALL 'public open fun onViewCreated (p0: @[EnhancedNullability] android.view.View, p1: @[EnhancedNullability] android.os.Bundle?): kotlin.Unit declared in androidx.fragment.app.Fragment' superQualifier='CLASS IR_EXTERNAL_JAVA_DECLARATION_STUB CLASS name:Fragment modality:OPEN visibility:public superTypes:[kotlin.Any; android.content.ComponentCallbacks; android.view.View.OnCreateContextMenuListener; androidx.lifecycle.LifecycleOwner; androidx.lifecycle.ViewModelStoreOwner; androidx.lifecycle.HasDefaultViewModelProviderFactory; androidx.savedstate.SavedStateRegistryOwner; androidx.activity.result.ActivityResultCaller]' type=kotlin.Unit origin=null
      ARG <this>: GET_VAR '<this>: com.example.rilv.ui.WatchlistsFragment declared in com.example.rilv.ui.WatchlistsFragment.onViewCreated' type=com.example.rilv.ui.WatchlistsFragment origin=IMPLICIT_ARGUMENT
      ARG p0: GET_VAR 'view: android.view.View declared in com.example.rilv.ui.WatchlistsFragment.onViewCreated' type=android.view.View origin=null
      ARG p1: GET_VAR 'savedInstanceState: android.os.Bundle? declared in com.example.rilv.ui.WatchlistsFragment.onViewCreated' type=android.os.Bundle? origin=null
    SET_FIELD 'FIELD PROPERTY_BACKING_FIELD name:_binding type:com.example.rilv.databinding.FragmentWatchlistsBinding? visibility:private' type=kotlin.Unit origin=null
      receiver: GET_VAR '<this>: com.example.rilv.ui.WatchlistsFragment declared in com.example.rilv.ui.WatchlistsFragment.onViewCreated' type=com.example.rilv.ui.WatchlistsFragment origin=IMPLICIT_ARGUMENT
      value: CALL 'public open fun bind (rootView: @[EnhancedNullability] android.view.View): @[EnhancedNullability] com.example.rilv.databinding.FragmentWatchlistsBinding declared in com.example.rilv.databinding.FragmentWatchlistsBinding' type=@[EnhancedNullability] com.example.rilv.databinding.FragmentWatchlistsBinding origin=null
        ARG rootView: GET_VAR 'view: android.view.View declared in com.example.rilv.ui.WatchlistsFragment.onViewCreated' type=android.view.View origin=null
    VAR name:movieListViewModel type:com.example.rilv.movie.presentation.MovieListViewModel [val]
      TYPE_OP type=com.example.rilv.movie.presentation.MovieListViewModel origin=IMPLICIT_CAST typeOperand=com.example.rilv.movie.presentation.MovieListViewModel
        CALL 'public final fun hiltViewModel$default <VM> (viewModelStoreOwner: androidx.lifecycle.ViewModelStoreOwner?, key: kotlin.String?, $mask0: kotlin.Int, $handler: kotlin.Any?): VM of androidx.hilt.lifecycle.viewmodel.compose.HiltViewModelKt.hiltViewModel$default [inline] declared in androidx.hilt.lifecycle.viewmodel.compose.HiltViewModelKt' type=VM of androidx.hilt.lifecycle.viewmodel.compose.HiltViewModelKt.hiltViewModel$default origin=DEFAULT_DISPATCH_CALL
          TYPE_ARG VM: com.example.rilv.movie.presentation.MovieListViewModel
          ARG viewModelStoreOwner: COMPOSITE type=androidx.lifecycle.ViewModelStoreOwner? origin=DEFAULT_VALUE
            CONST Null type=androidx.lifecycle.ViewModelStoreOwner? value=null
          ARG key: COMPOSITE type=kotlin.String? origin=DEFAULT_VALUE
            CONST Null type=kotlin.String? value=null
          ARG $mask0: CONST Int type=kotlin.Int value=3
          ARG $handler: CONST Null type=kotlin.Any? value=null

	at org.jetbrains.kotlin.backend.jvm.codegen.FunctionCodegen.generate(FunctionCodegen.kt:53)
	at org.jetbrains.kotlin.backend.jvm.codegen.FunctionCodegen.generate$default(FunctionCodegen.kt:46)
	at org.jetbrains.kotlin.backend.jvm.codegen.ClassCodegen.generateMethodNode(ClassCodegen.kt:422)
	at org.jetbrains.kotlin.backend.jvm.codegen.ClassCodegen.generateMethod(ClassCodegen.kt:439)
	at org.jetbrains.kotlin.backend.jvm.codegen.ClassCodegen.generate(ClassCodegen.kt:164)
	at org.jetbrains.kotlin.backend.jvm.JvmIrCodegenFactory.generateFile(JvmIrCodegenFactory.kt:446)
	at org.jetbrains.kotlin.backend.jvm.JvmIrCodegenFactory.invokeCodegen(JvmIrCodegenFactory.kt:413)
	at org.jetbrains.kotlin.cli.jvm.compiler.KotlinToJVMBytecodeCompiler.runCodegen$cli(KotlinToJVMBytecodeCompiler.kt:425)
	at org.jetbrains.kotlin.cli.pipeline.jvm.JvmBackendPipelinePhase.executePhase(JvmBackendPipelinePhase.kt:89)
	at org.jetbrains.kotlin.cli.pipeline.jvm.JvmBackendPipelinePhase.executePhase(JvmBackendPipelinePhase.kt:27)
	at org.jetbrains.kotlin.cli.pipeline.PipelinePhase.phaseBody(PipelinePhase.kt:68)
	at org.jetbrains.kotlin.cli.pipeline.PipelinePhase.phaseBody(PipelinePhase.kt:58)
	at org.jetbrains.kotlin.config.phaser.NamedCompilerPhase.invoke(CompilerPhase.kt:102)
	at org.jetbrains.kotlin.backend.common.phaser.CompositePhase.invoke(PhaseBuilders.kt:22)
	at org.jetbrains.kotlin.config.phaser.CompilerPhaseKt.invokeToplevel(CompilerPhase.kt:53)
	at org.jetbrains.kotlin.cli.pipeline.AbstractCliPipeline.runPhasedPipeline(AbstractCliPipeline.kt:109)
	at org.jetbrains.kotlin.cli.pipeline.AbstractCliPipeline.execute(AbstractCliPipeline.kt:68)
	at org.jetbrains.kotlin.cli.jvm.K2JVMCompiler.doExecutePhased(K2JVMCompiler.kt:79)
	at org.jetbrains.kotlin.cli.jvm.K2JVMCompiler.doExecutePhased(K2JVMCompiler.kt:45)
	at org.jetbrains.kotlin.cli.common.CLICompiler.execImpl(CLICompiler.kt:90)
	at org.jetbrains.kotlin.cli.common.CLICompiler.exec(CLICompiler.kt:352)
	at org.jetbrains.kotlin.incremental.IncrementalJvmCompilerRunnerBase.runCompiler(IncrementalJvmCompilerRunnerBase.kt:176)
	at org.jetbrains.kotlin.incremental.IncrementalJvmCompilerRunnerBase.runCompiler(IncrementalJvmCompilerRunnerBase.kt:39)
	at org.jetbrains.kotlin.incremental.IncrementalCompilerRunner.doCompile(IncrementalCompilerRunner.kt:499)
	at org.jetbrains.kotlin.incremental.IncrementalCompilerRunner.compileImpl(IncrementalCompilerRunner.kt:416)
	at org.jetbrains.kotlin.incremental.IncrementalCompilerRunner.tryCompileIncrementally$lambda$0$compile(IncrementalCompilerRunner.kt:249)
	at org.jetbrains.kotlin.incremental.IncrementalCompilerRunner.tryCompileIncrementally(IncrementalCompilerRunner.kt:267)
	at org.jetbrains.kotlin.incremental.IncrementalCompilerRunner.compile(IncrementalCompilerRunner.kt:119)
	at org.jetbrains.kotlin.daemon.CompileServiceImplBase.execIncrementalCompiler(CompileServiceImpl.kt:684)
	at org.jetbrains.kotlin.daemon.CompileServiceImplBase.access$execIncrementalCompiler(CompileServiceImpl.kt:94)
	at org.jetbrains.kotlin.daemon.CompileServiceImpl.compile(CompileServiceImpl.kt:1810)
	at java.base/jdk.internal.reflect.DirectMethodHandleAccessor.invoke(Unknown Source)
	at java.base/java.lang.reflect.Method.invoke(Unknown Source)
	at java.rmi/sun.rmi.server.UnicastServerRef.dispatch(Unknown Source)
	at java.rmi/sun.rmi.transport.Transport$1.run(Unknown Source)
	at java.rmi/sun.rmi.transport.Transport$1.run(Unknown Source)
	at java.base/java.security.AccessController.doPrivileged(Unknown Source)
	at java.rmi/sun.rmi.transport.Transport.serviceCall(Unknown Source)
	at java.rmi/sun.rmi.transport.tcp.TCPTransport.handleMessages(Unknown Source)
	at java.rmi/sun.rmi.transport.tcp.TCPTransport$ConnectionHandler.run0(Unknown Source)
	at java.rmi/sun.rmi.transport.tcp.TCPTransport$ConnectionHandler.lambda$run$0(Unknown Source)
	at java.base/java.security.AccessController.doPrivileged(Unknown Source)
	at java.rmi/sun.rmi.transport.tcp.TCPTransport$ConnectionHandler.run(Unknown Source)
	at java.base/java.util.concurrent.ThreadPoolExecutor.runWorker(Unknown Source)
	at java.base/java.util.concurrent.ThreadPoolExecutor$Worker.run(Unknown Source)
	at java.base/java.lang.Thread.run(Unknown Source)
Caused by: org.jetbrains.kotlin.codegen.CompilationException: Back-end (JVM) Internal error: Couldn't inline method call: CALL 'public final fun hiltViewModel$default <VM> (viewModelStoreOwner: androidx.lifecycle.ViewModelStoreOwner?, key: kotlin.String?, $mask0: kotlin.Int, $handler: kotlin.Any?): VM of androidx.hilt.lifecycle.viewmodel.compose.HiltViewModelKt.hiltViewModel$default [inline] declared in androidx.hilt.lifecycle.viewmodel.compose.HiltViewModelKt' type=VM of androidx.hilt.lifecycle.viewmodel.compose.HiltViewModelKt.hiltViewModel$default origin=DEFAULT_DISPATCH_CALL
Method: null
File is unknown
The root cause java.lang.IllegalStateException was thrown at: org.jetbrains.kotlin.codegen.inline.SourceCompilerForInlineKt.getMethodNode(SourceCompilerForInline.kt:129)
	at org.jetbrains.kotlin.backend.jvm.codegen.IrInlineCodegen.genInlineCall(IrInlineCodegen.kt:82)
	at org.jetbrains.kotlin.backend.jvm.codegen.IrInlineCallGenerator.genCall(IrInlineCallGenerator.kt:36)
	at org.jetbrains.kotlin.backend.jvm.codegen.ExpressionCodegen.visitCall(ExpressionCodegen.kt:589)
	at org.jetbrains.kotlin.backend.jvm.codegen.ExpressionCodegen.visitCall(ExpressionCodegen.kt:134)
	at org.jetbrains.kotlin.ir.expressions.IrCall.accept(IrCall.kt:24)
	at org.jetbrains.kotlin.backend.jvm.codegen.ExpressionCodegen.visitTypeOperator(ExpressionCodegen.kt:1080)
	at org.jetbrains.kotlin.backend.jvm.codegen.ExpressionCodegen.visitTypeOperator(ExpressionCodegen.kt:134)
	at org.jetbrains.kotlin.ir.expressions.IrTypeOperatorCall.accept(IrTypeOperatorCall.kt:26)
	at org.jetbrains.kotlin.backend.jvm.codegen.ExpressionCodegen.visitVariable(ExpressionCodegen.kt:729)
	at org.jetbrains.kotlin.backend.jvm.codegen.ExpressionCodegen.visitVariable(ExpressionCodegen.kt:134)
	at org.jetbrains.kotlin.ir.declarations.IrVariable.accept(IrVariable.kt:36)
	at org.jetbrains.kotlin.backend.jvm.codegen.ExpressionCodegen.visitStatementContainer(ExpressionCodegen.kt:530)
	at org.jetbrains.kotlin.backend.jvm.codegen.ExpressionCodegen.visitBlockBody(ExpressionCodegen.kt:535)
	at org.jetbrains.kotlin.backend.jvm.codegen.ExpressionCodegen.visitBlockBody(ExpressionCodegen.kt:134)
	at org.jetbrains.kotlin.ir.expressions.IrBlockBody.accept(IrBlockBody.kt:20)
	at org.jetbrains.kotlin.backend.jvm.codegen.ExpressionCodegen.generate(ExpressionCodegen.kt:232)
	at org.jetbrains.kotlin.backend.jvm.codegen.FunctionCodegen.doGenerate(FunctionCodegen.kt:129)
	at org.jetbrains.kotlin.backend.jvm.codegen.FunctionCodegen.generate(FunctionCodegen.kt:50)
	... 45 more
Caused by: java.lang.IllegalStateException: couldn't find inline method Landroidx/hilt/lifecycle/viewmodel/compose/HiltViewModelKt;.hiltViewModel$default(Landroidx/lifecycle/ViewModelStoreOwner;Ljava/lang/String;ILjava/lang/Object;)Landroidx/lifecycle/ViewModel;
	at org.jetbrains.kotlin.codegen.inline.SourceCompilerForInlineKt.getMethodNode(SourceCompilerForInline.kt:129)
	at org.jetbrains.kotlin.codegen.inline.SourceCompilerForInlineKt.loadCompiledInlineFunction$lambda$0(SourceCompilerForInline.kt:98)
	at org.jetbrains.kotlin.codegen.inline.InlineCache.computeMethodBytes(InlineCache.kt:90)
	at org.jetbrains.kotlin.codegen.inline.SourceCompilerForInlineKt.loadCompiledInlineFunction(SourceCompilerForInline.kt:93)
	at org.jetbrains.kotlin.backend.jvm.codegen.IrSourceCompilerForInline.compileInlineFunction(IrSourceCompilerForInline.kt:96)
	at org.jetbrains.kotlin.backend.jvm.codegen.IrInlineCodegen.genInlineCall(IrInlineCodegen.kt:65)
	... 62 more


